2023-08-06 04:11:45.779774 - Initialized conversion of CBT459
2023-08-06 04:11:46.388650 - Received CBT.V505.FILE459.PDS from FILE459.XMI 
2023-08-06 04:11:46.391369 - Found $$$#DATE.txt (text/plain) in CBT.V505.FILE459.PDS, moved to PDS/$$$#DATE
2023-08-06 04:11:46.392462 - Found $$$DOC.txt (text/plain) in CBT.V505.FILE459.PDS, moved to PDS/$$$DOC
2023-08-06 04:11:46.393413 - Found #DOC#.txt (text/plain) in CBT.V505.FILE459.PDS, moved to PDS/#DOC#
2023-08-06 04:11:46.394340 - Found #INFO#.txt (text/plain) in CBT.V505.FILE459.PDS, moved to PDS/#INFO#
2023-08-06 04:11:46.395262 - Found @FILE459.txt (text/plain) in CBT.V505.FILE459.PDS, moved to PDS/@FILE459
2023-08-06 04:11:46.396087 - Found ACS.txt (text/plain) in CBT.V505.FILE459.PDS, moved to PDS/ACS
2023-08-06 04:11:46.396933 - Found ALT.txt (text/plain) in CBT.V505.FILE459.PDS, moved to PDS/ALT
2023-08-06 04:11:46.397790 - Found AOS.txt (text/plain) in CBT.V505.FILE459.PDS, moved to PDS/AOS
2023-08-06 04:11:46.398896 - Found DDT.txt (text/plain) in CBT.V505.FILE459.PDS, moved to PDS/DDT
2023-08-06 04:11:46.400060 - Found DYLO.txt (text/plain) in CBT.V505.FILE459.PDS, moved to PDS/DYLO
2023-08-06 04:11:46.401194 - Found DYLO$.jcl (text/plain) in CBT.V505.FILE459.PDS, moved to PDS/DYLO$
2023-08-06 04:11:46.402234 - Found DYLO$DOC.jcl (text/plain) in CBT.V505.FILE459.PDS, moved to PDS/DYLO$DOC
2023-08-06 04:11:46.403358 - Found DYLO$XEQ.jcl (text/plain) in CBT.V505.FILE459.PDS, moved to PDS/DYLO$XEQ
2023-08-06 04:11:46.404260 - Found DYLO#.txt (text/plain) in CBT.V505.FILE459.PDS, moved to PDS/DYLO#
2023-08-06 04:11:46.405380 - Found DYLO@.txt (text/plain) in CBT.V505.FILE459.PDS, moved to PDS/DYLO@
2023-08-06 04:11:46.406339 - Found DYLOCMD.txt (text/plain) in CBT.V505.FILE459.PDS, moved to PDS/DYLOCMD
2023-08-06 04:11:46.407381 - Found DYLOCOM.txt (text/plain) in CBT.V505.FILE459.PDS, moved to PDS/DYLOCOM
2023-08-06 04:11:46.408315 - Found DYLODDT.txt (text/plain) in CBT.V505.FILE459.PDS, moved to PDS/DYLODDT
2023-08-06 04:11:46.409283 - Found DYLOGAL.txt (text/plain) in CBT.V505.FILE459.PDS, moved to PDS/DYLOGAL
2023-08-06 04:11:46.410221 - Found DYLOH.txt (text/plain) in CBT.V505.FILE459.PDS, moved to PDS/DYLOH
2023-08-06 04:11:46.411140 - Found DYLOM.txt (text/plain) in CBT.V505.FILE459.PDS, moved to PDS/DYLOM
2023-08-06 04:11:46.412062 - Found DYLOMAC.txt (text/plain) in CBT.V505.FILE459.PDS, moved to PDS/DYLOMAC
2023-08-06 04:11:46.412940 - Found DYLOSCO.txt (text/plain) in CBT.V505.FILE459.PDS, moved to PDS/DYLOSCO
2023-08-06 04:11:46.413781 - Found DYLOUAL.txt (text/plain) in CBT.V505.FILE459.PDS, moved to PDS/DYLOUAL
2023-08-06 04:11:46.414745 - Found DYLOUSD.txt (text/plain) in CBT.V505.FILE459.PDS, moved to PDS/DYLOUSD
2023-08-06 04:11:46.415649 - Found IDV.txt (text/plain) in CBT.V505.FILE459.PDS, moved to PDS/IDV
2023-08-06 04:11:46.416498 - Found KMX.txt (text/plain) in CBT.V505.FILE459.PDS, moved to PDS/KMX
2023-08-06 04:11:46.417364 - Found KSXD.txt (text/plain) in CBT.V505.FILE459.PDS, moved to PDS/KSXD
2023-08-06 04:11:46.418198 - Found KSXI.txt (text/plain) in CBT.V505.FILE459.PDS, moved to PDS/KSXI
2023-08-06 04:11:46.419043 - Found KSXS.txt (text/plain) in CBT.V505.FILE459.PDS, moved to PDS/KSXS
2023-08-06 04:11:46.419899 - Found PAJCKMX.txt (text/plain) in CBT.V505.FILE459.PDS, moved to PDS/PAJCKMX
2023-08-06 04:11:46.420788 - Found PAJCKSXD.txt (text/plain) in CBT.V505.FILE459.PDS, moved to PDS/PAJCKSXD
2023-08-06 04:11:46.421766 - Found PAJCKSXI.txt (text/plain) in CBT.V505.FILE459.PDS, moved to PDS/PAJCKSXI
2023-08-06 04:11:46.422718 - Found PAJCKSXS.txt (text/plain) in CBT.V505.FILE459.PDS, moved to PDS/PAJCKSXS
2023-08-06 04:11:46.423731 - Found PAJCSC.txt (text/plain) in CBT.V505.FILE459.PDS, moved to PDS/PAJCSC
2023-08-06 04:11:46.424644 - Found PAJCSHDE.txt (text/plain) in CBT.V505.FILE459.PDS, moved to PDS/PAJCSHDE
2023-08-06 04:11:46.425642 - Found PAJCSHDU.txt (text/plain) in CBT.V505.FILE459.PDS, moved to PDS/PAJCSHDU
2023-08-06 04:11:46.426538 - Found PAJCSHDW.txt (text/plain) in CBT.V505.FILE459.PDS, moved to PDS/PAJCSHDW
2023-08-06 04:11:46.427340 - Found PAJCSHEN.txt (text/plain) in CBT.V505.FILE459.PDS, moved to PDS/PAJCSHEN
2023-08-06 04:11:46.428282 - Found PAJCTOPS.txt (text/plain) in CBT.V505.FILE459.PDS, moved to PDS/PAJCTOPS
2023-08-06 04:11:46.429164 - Found PAJC00.txt (text/plain) in CBT.V505.FILE459.PDS, moved to PDS/PAJC00
2023-08-06 04:11:46.430018 - Found PAJSC0.txt (text/plain) in CBT.V505.FILE459.PDS, moved to PDS/PAJSC0
2023-08-06 04:11:46.430883 - Found PAJSC00.txt (text/plain) in CBT.V505.FILE459.PDS, moved to PDS/PAJSC00
2023-08-06 04:11:46.431699 - Found PAJSC1.txt (text/plain) in CBT.V505.FILE459.PDS, moved to PDS/PAJSC1
2023-08-06 04:11:46.432699 - Found PAJSC2.txt (text/plain) in CBT.V505.FILE459.PDS, moved to PDS/PAJSC2
2023-08-06 04:11:46.433810 - Found PAJSHDU.txt (text/plain) in CBT.V505.FILE459.PDS, moved to PDS/PAJSHDU
2023-08-06 04:11:46.434889 - Found PAJSHDW.txt (text/plain) in CBT.V505.FILE459.PDS, moved to PDS/PAJSHDW
2023-08-06 04:11:46.435907 - Found PAJSHDWH.txt (text/plain) in CBT.V505.FILE459.PDS, moved to PDS/PAJSHDWH
2023-08-06 04:11:46.436865 - Found PAJSHDWI.txt (text/plain) in CBT.V505.FILE459.PDS, moved to PDS/PAJSHDWI
2023-08-06 04:11:46.437886 - Found PAJSHDWQ.txt (text/plain) in CBT.V505.FILE459.PDS, moved to PDS/PAJSHDWQ
2023-08-06 04:11:46.438898 - Found PAJSHDWS.txt (text/plain) in CBT.V505.FILE459.PDS, moved to PDS/PAJSHDWS
2023-08-06 04:11:46.439883 - Found PAJSHDWT.txt (text/plain) in CBT.V505.FILE459.PDS, moved to PDS/PAJSHDWT
2023-08-06 04:11:46.440785 - Found PAJSHDWU.txt (text/plain) in CBT.V505.FILE459.PDS, moved to PDS/PAJSHDWU
2023-08-06 04:11:46.441769 - Found PAJSSHDU.jcl (text/plain) in CBT.V505.FILE459.PDS, moved to PDS/PAJSSHDU
2023-08-06 04:11:46.442672 - Found PAJSTOPS.jcl (text/plain) in CBT.V505.FILE459.PDS, moved to PDS/PAJSTOPS
2023-08-06 04:11:46.443611 - Found PAJTOPSH.txt (text/plain) in CBT.V505.FILE459.PDS, moved to PDS/PAJTOPSH
2023-08-06 04:11:46.444619 - Found PAJTOPSL.txt (text/plain) in CBT.V505.FILE459.PDS, moved to PDS/PAJTOPSL
2023-08-06 04:11:46.445606 - Found PAJTOPSM.txt (text/plain) in CBT.V505.FILE459.PDS, moved to PDS/PAJTOPSM
2023-08-06 04:11:46.446588 - Found PAJTSC1.txt (text/plain) in CBT.V505.FILE459.PDS, moved to PDS/PAJTSC1
2023-08-06 04:11:46.447467 - Found PAJTSC2.txt (text/plain) in CBT.V505.FILE459.PDS, moved to PDS/PAJTSC2
2023-08-06 04:11:46.448427 - Found PAJTSC3.txt (text/plain) in CBT.V505.FILE459.PDS, moved to PDS/PAJTSC3
2023-08-06 04:11:46.449420 - Found PAJT90.txt (text/plain) in CBT.V505.FILE459.PDS, moved to PDS/PAJT90
2023-08-06 04:11:46.450345 - Found PAJU99.txt (text/plain) in CBT.V505.FILE459.PDS, moved to PDS/PAJU99
2023-08-06 04:11:46.451216 - Found SHADOW$.jcl (text/plain) in CBT.V505.FILE459.PDS, moved to PDS/SHADOW$
2023-08-06 04:11:46.452130 - Found SHADOW#.txt (text/plain) in CBT.V505.FILE459.PDS, moved to PDS/SHADOW#
2023-08-06 04:11:46.453149 - Found SHADOW@.txt (text/plain) in CBT.V505.FILE459.PDS, moved to PDS/SHADOW@
2023-08-06 04:11:46.454042 - Found SHORT$.jcl (text/plain) in CBT.V505.FILE459.PDS, moved to PDS/SHORT$
2023-08-06 04:11:46.454951 - Found SHORT@.txt (text/plain) in CBT.V505.FILE459.PDS, moved to PDS/SHORT@
2023-08-06 04:11:46.455846 - Found TOPSEC.txt (text/plain) in CBT.V505.FILE459.PDS, moved to PDS/TOPSEC
2023-08-06 04:11:46.456719 - Found TOPSEC$.jcl (text/plain) in CBT.V505.FILE459.PDS, moved to PDS/TOPSEC$
2023-08-06 04:11:46.457687 - Found TOPSEC#.txt (text/plain) in CBT.V505.FILE459.PDS, moved to PDS/TOPSEC#
2023-08-06 04:11:46.458559 - Found TOPSEC@.txt (text/plain) in CBT.V505.FILE459.PDS, moved to PDS/TOPSEC@
2023-08-06 04:11:46.459420 - Found TOPSECU.txt (text/plain) in CBT.V505.FILE459.PDS, moved to PDS/TOPSECU
